<?xml version="1.0" encoding="UTF-8"?>
<testsuite name="com.sapan.ekart.feed.FeedViewModelTest" tests="2" skipped="0" failures="0" errors="0" timestamp="2026-06-26T02:59:30.670Z" hostname="Sapans-MacBook-Air.local" time="0.094">
  <properties/>
  <testcase name="initial_state_should_load_products_and_categories" classname="com.sapan.ekart.feed.FeedViewModelTest" time="0.086"/>
  <testcase name="selectCategory_updates_selectedCategory" classname="com.sapan.ekart.feed.FeedViewModelTest" time="0.006"/>
  <system-out><![CDATA[]]></system-out>
  <system-err><![CDATA[]]></system-err>
</testsuite>
