<?xml version="1.0" encoding="UTF-8"?>
<testsuite name="com.sapan.ekart.cart.data.repository.CartRepositoryTest" tests="5" skipped="0" failures="0" errors="0" timestamp="2026-06-26T02:59:53.327Z" hostname="Sapans-MacBook-Air.local" time="0.717">
  <properties/>
  <testcase name="removeFromCart calls dao delete" classname="com.sapan.ekart.cart.data.repository.CartRepositoryTest" time="0.575"/>
  <testcase name="getCartItems maps entities to domain models" classname="com.sapan.ekart.cart.data.repository.CartRepositoryTest" time="0.006"/>
  <testcase name="updateQuantity deletes if quantity is zero" classname="com.sapan.ekart.cart.data.repository.CartRepositoryTest" time="0.122"/>
  <testcase name="addToCart calls dao insert" classname="com.sapan.ekart.cart.data.repository.CartRepositoryTest" time="0.009"/>
  <testcase name="updateQuantity updates if quantity is positive" classname="com.sapan.ekart.cart.data.repository.CartRepositoryTest" time="0.002"/>
  <system-out><![CDATA[]]></system-out>
  <system-err><![CDATA[]]></system-err>
</testsuite>
